This file contains any messages produced by compilers while
running configure, to aid debugging if configure makes a mistake.

It was created by tdlib configure 0.8.7, which was
generated by GNU Autoconf 2.71.  Invocation command line was

  $ ../tdlib/configure --without-python 'CPPFLAGS=-I/Users/lollipop/Desktop/Graph-Versioning/freetdi-tw -I/Users/lollipop/Desktop/Graph-Versioning/freetdi-tw/ta -Dunreachable\(\) -Dincomplete\(\)' CXXFLAGS=-O3

## --------- ##
## Platform. ##
## --------- ##

hostname = anxinsmxpremium.ads.northwestern.edu
uname -m = arm64
uname -r = 21.4.0
uname -s = Darwin
uname -v = Darwin Kernel Version 21.4.0: Fri Mar 18 00:46:32 PDT 2022; root:xnu-8020.101.4~15/RELEASE_ARM64_T6000

/usr/bin/uname -p = arm
/bin/uname -X     = unknown

/bin/arch              = unknown
/usr/bin/arch -k       = unknown
/usr/convex/getsysinfo = unknown
/usr/bin/hostinfo      = Mach kernel version:
	 Darwin Kernel Version 21.4.0: Fri Mar 18 00:46:32 PDT 2022; root:xnu-8020.101.4~15/RELEASE_ARM64_T6000
Kernel configured for up to 8 processors.
8 processors are physically available.
8 processors are logically available.
Processor type: arm64e (ARM64E)
Processors active: 0 1 2 3 4 5 6 7
Primary memory available: 16.00 gigabytes
Default processor set: 451 tasks, 2624 threads, 8 processors
Load average: 3.60, Mach factor: 5.16
/bin/machine           = unknown
/usr/bin/oslevel       = unknown
/bin/universe          = unknown

PATH: /opt/homebrew/bin/
PATH: /opt/homebrew/sbin/
PATH: /usr/local/bin/
PATH: /usr/bin/
PATH: /bin/
PATH: /usr/sbin/
PATH: /sbin/
PATH: /opt/local/bin/
PATH: /opt/local/sbin/


## ----------- ##
## Core tests. ##
## ----------- ##

configure:2780: looking for aux files: compile config.guess config.sub ltmain.sh missing install-sh
configure:2793:  trying ../tdlib/
configure:2822:   ../tdlib/compile found
configure:2822:   ../tdlib/config.guess found
configure:2822:   ../tdlib/config.sub found
configure:2822:   ../tdlib/ltmain.sh found
configure:2822:   ../tdlib/missing found
configure:2804:   ../tdlib/install-sh found
configure:2955: checking for a BSD-compatible install
configure:3028: result: /usr/bin/install -c
configure:3039: checking whether build environment is sane
configure:3094: result: yes
configure:3253: checking for a race-free mkdir -p
configure:3297: result: ../tdlib/install-sh -c -d
configure:3304: checking for gawk
configure:3339: result: no
configure:3304: checking for mawk
configure:3339: result: no
configure:3304: checking for nawk
configure:3339: result: no
configure:3304: checking for awk
configure:3325: found /usr/bin/awk
configure:3336: result: awk
configure:3347: checking whether make sets $(MAKE)
configure:3370: result: yes
configure:3400: checking whether make supports nested variables
configure:3418: result: yes
configure:3586: checking build system type
configure:3601: result: aarch64-apple-darwin21.4.0
configure:3621: checking host system type
configure:3635: result: aarch64-apple-darwin21.4.0
configure:3676: checking how to print strings
configure:3703: result: printf
configure:3737: checking whether make supports the include directive
configure:3752: make -f confmf.GNU && cat confinc.out
this is the am__doit target
configure:3755: $? = 0
configure:3774: result: yes (GNU style)
configure:3850: checking for gcc
configure:3871: found /usr/bin/gcc
configure:3882: result: gcc
configure:4235: checking for C compiler version
configure:4244: gcc --version >&5
Apple clang version 13.1.6 (clang-1316.0.21.2.5)
Target: arm64-apple-darwin21.4.0
Thread model: posix
InstalledDir: /Library/Developer/CommandLineTools/usr/bin
configure:4255: $? = 0
configure:4244: gcc -v >&5
Apple clang version 13.1.6 (clang-1316.0.21.2.5)
Target: arm64-apple-darwin21.4.0
Thread model: posix
InstalledDir: /Library/Developer/CommandLineTools/usr/bin
configure:4255: $? = 0
configure:4244: gcc -V >&5
clang: error: argument to '-V' is missing (expected 1 value)
clang: error: no input files
configure:4255: $? = 1
configure:4244: gcc -qversion >&5
clang: error: unknown argument '-qversion'; did you mean '--version'?
clang: error: no input files
configure:4255: $? = 1
configure:4244: gcc -version >&5
clang: error: unknown argument '-version'; did you mean '--version'?
clang: error: no input files
configure:4255: $? = 1
configure:4275: checking whether the C compiler works
configure:4297: gcc  -I/Users/lollipop/Desktop/Graph-Versioning/freetdi-tw -I/Users/lollipop/Desktop/Graph-Versioning/freetdi-tw/ta -Dunreachable\(\) -Dincomplete\(\)  conftest.c  >&5
In file included from <built-in>:400:
<command line>:1:20: warning: ISO C99 requires whitespace after the macro name [-Wc99-extensions]
#define unreachable\(\) 1
                   ^
<command line>:2:19: warning: ISO C99 requires whitespace after the macro name [-Wc99-extensions]
#define incomplete\(\) 1
                  ^
2 warnings generated.
configure:4301: $? = 0
configure:4351: result: yes
configure:4354: checking for C compiler default output file name
configure:4356: result: a.out
configure:4362: checking for suffix of executables
configure:4369: gcc -o conftest  -I/Users/lollipop/Desktop/Graph-Versioning/freetdi-tw -I/Users/lollipop/Desktop/Graph-Versioning/freetdi-tw/ta -Dunreachable\(\) -Dincomplete\(\)  conftest.c  >&5
In file included from <built-in>:400:
<command line>:1:20: warning: ISO C99 requires whitespace after the macro name [-Wc99-extensions]
#define unreachable\(\) 1
                   ^
<command line>:2:19: warning: ISO C99 requires whitespace after the macro name [-Wc99-extensions]
#define incomplete\(\) 1
                  ^
2 warnings generated.
configure:4373: $? = 0
configure:4396: result: 
configure:4418: checking whether we are cross compiling
configure:4426: gcc -o conftest  -I/Users/lollipop/Desktop/Graph-Versioning/freetdi-tw -I/Users/lollipop/Desktop/Graph-Versioning/freetdi-tw/ta -Dunreachable\(\) -Dincomplete\(\)  conftest.c  >&5
In file included from <built-in>:400:
<command line>:1:20: warning: ISO C99 requires whitespace after the macro name [-Wc99-extensions]
#define unreachable\(\) 1
                   ^
<command line>:2:19: warning: ISO C99 requires whitespace after the macro name [-Wc99-extensions]
#define incomplete\(\) 1
                  ^
2 warnings generated.
configure:4430: $? = 0
configure:4437: ./conftest
configure:4441: $? = 0
configure:4456: result: no
configure:4461: checking for suffix of object files
configure:4484: gcc -c  -I/Users/lollipop/Desktop/Graph-Versioning/freetdi-tw -I/Users/lollipop/Desktop/Graph-Versioning/freetdi-tw/ta -Dunreachable\(\) -Dincomplete\(\) conftest.c >&5
In file included from <built-in>:400:
<command line>:1:20: warning: ISO C99 requires whitespace after the macro name [-Wc99-extensions]
#define unreachable\(\) 1
                   ^
<command line>:2:19: warning: ISO C99 requires whitespace after the macro name [-Wc99-extensions]
#define incomplete\(\) 1
                  ^
2 warnings generated.
configure:4488: $? = 0
configure:4510: result: o
configure:4514: checking whether the compiler supports GNU C
configure:4534: gcc -c  -I/Users/lollipop/Desktop/Graph-Versioning/freetdi-tw -I/Users/lollipop/Desktop/Graph-Versioning/freetdi-tw/ta -Dunreachable\(\) -Dincomplete\(\) conftest.c >&5
In file included from <built-in>:400:
<command line>:1:20: warning: ISO C99 requires whitespace after the macro name [-Wc99-extensions]
#define unreachable\(\) 1
                   ^
<command line>:2:19: warning: ISO C99 requires whitespace after the macro name [-Wc99-extensions]
#define incomplete\(\) 1
                  ^
2 warnings generated.
configure:4534: $? = 0
configure:4544: result: yes
configure:4555: checking whether gcc accepts -g
configure:4576: gcc -c -g -I/Users/lollipop/Desktop/Graph-Versioning/freetdi-tw -I/Users/lollipop/Desktop/Graph-Versioning/freetdi-tw/ta -Dunreachable\(\) -Dincomplete\(\) conftest.c >&5
In file included from <built-in>:400:
<command line>:1:20: warning: ISO C99 requires whitespace after the macro name [-Wc99-extensions]
#define unreachable\(\) 1
                   ^
<command line>:2:19: warning: ISO C99 requires whitespace after the macro name [-Wc99-extensions]
#define incomplete\(\) 1
                  ^
2 warnings generated.
configure:4576: $? = 0
configure: failed program was:
| /* confdefs.h */
| #define PACKAGE_NAME "tdlib"
| #define PACKAGE_TARNAME "tdlib"
| #define PACKAGE_VERSION "0.8.7"
| #define PACKAGE_STRING "tdlib 0.8.7"
| #define PACKAGE_BUGREPORT "larisch@informatik.uni-frankfurt.de,felix@salfelder.org"
| #define PACKAGE_URL ""
| #define PACKAGE "tdlib"
| #define VERSION "0.8.7"
| /* end confdefs.h.  */
| 
| int
| main (void)
| {
| 
|   ;
|   return 0;
| }
configure:4592: gcc -c  -I/Users/lollipop/Desktop/Graph-Versioning/freetdi-tw -I/Users/lollipop/Desktop/Graph-Versioning/freetdi-tw/ta -Dunreachable\(\) -Dincomplete\(\) conftest.c >&5
In file included from <built-in>:400:
<command line>:1:20: warning: ISO C99 requires whitespace after the macro name [-Wc99-extensions]
#define unreachable\(\) 1
                   ^
<command line>:2:19: warning: ISO C99 requires whitespace after the macro name [-Wc99-extensions]
#define incomplete\(\) 1
                  ^
2 warnings generated.
configure:4592: $? = 0
configure: failed program was:
| /* confdefs.h */
| #define PACKAGE_NAME "tdlib"
| #define PACKAGE_TARNAME "tdlib"
| #define PACKAGE_VERSION "0.8.7"
| #define PACKAGE_STRING "tdlib 0.8.7"
| #define PACKAGE_BUGREPORT "larisch@informatik.uni-frankfurt.de,felix@salfelder.org"
| #define PACKAGE_URL ""
| #define PACKAGE "tdlib"
| #define VERSION "0.8.7"
| /* end confdefs.h.  */
| 
| int
| main (void)
| {
| 
|   ;
|   return 0;
| }
configure:4609: gcc -c -g -I/Users/lollipop/Desktop/Graph-Versioning/freetdi-tw -I/Users/lollipop/Desktop/Graph-Versioning/freetdi-tw/ta -Dunreachable\(\) -Dincomplete\(\) conftest.c >&5
In file included from <built-in>:400:
<command line>:1:20: warning: ISO C99 requires whitespace after the macro name [-Wc99-extensions]
#define unreachable\(\) 1
                   ^
<command line>:2:19: warning: ISO C99 requires whitespace after the macro name [-Wc99-extensions]
#define incomplete\(\) 1
                  ^
2 warnings generated.
configure:4609: $? = 0
configure:4620: result: yes
configure:4640: checking for gcc option to enable C11 features
configure:4655: gcc  -c -g -O2 -I/Users/lollipop/Desktop/Graph-Versioning/freetdi-tw -I/Users/lollipop/Desktop/Graph-Versioning/freetdi-tw/ta -Dunreachable\(\) -Dincomplete\(\) conftest.c >&5
In file included from <built-in>:400:
<command line>:1:20: warning: ISO C99 requires whitespace after the macro name [-Wc99-extensions]
#define unreachable\(\) 1
                   ^
<command line>:2:19: warning: ISO C99 requires whitespace after the macro name [-Wc99-extensions]
#define incomplete\(\) 1
                  ^
2 warnings generated.
configure:4655: $? = 0
configure:4673: result: none needed
configure:4789: checking whether gcc understands -c and -o together
configure:4812: gcc -c conftest.c -o conftest2.o
configure:4815: $? = 0
configure:4812: gcc -c conftest.c -o conftest2.o
configure:4815: $? = 0
configure:4827: result: yes
configure:4846: checking dependency style of gcc
configure:4958: result: gcc3
configure:4973: checking for a sed that does not truncate output
configure:5043: result: /usr/bin/sed
configure:5061: checking for grep that handles long lines and -e
configure:5125: result: /usr/bin/grep
configure:5130: checking for egrep
configure:5198: result: /usr/bin/grep -E
configure:5203: checking for fgrep
configure:5271: result: /usr/bin/grep -F
configure:5307: checking for ld used by gcc
configure:5375: result: /Library/Developer/CommandLineTools/usr/bin/ld
configure:5382: checking if the linker (/Library/Developer/CommandLineTools/usr/bin/ld) is GNU ld
configure:5398: result: no
configure:5410: checking for BSD- or MS-compatible name lister (nm)
configure:5465: result: /usr/bin/nm -B
configure:5605: checking the name lister (/usr/bin/nm -B) interface
configure:5613: gcc -c -g -O2 -I/Users/lollipop/Desktop/Graph-Versioning/freetdi-tw -I/Users/lollipop/Desktop/Graph-Versioning/freetdi-tw/ta -Dunreachable\(\) -Dincomplete\(\) conftest.c >&5
In file included from <built-in>:400:
<command line>:1:20: warning: ISO C99 requires whitespace after the macro name [-Wc99-extensions]
#define unreachable\(\) 1
                   ^
<command line>:2:19: warning: ISO C99 requires whitespace after the macro name [-Wc99-extensions]
#define incomplete\(\) 1
                  ^
2 warnings generated.
configure:5616: /usr/bin/nm -B "conftest.o"
configure:5619: output
0000000000000238 S _some_variable
0000000000000000 t ltmp0
0000000000000238 s ltmp1
configure:5626: result: BSD nm
configure:5629: checking whether ln -s works
configure:5633: result: yes
configure:5641: checking the maximum length of command line arguments
configure:5773: result: 786432
configure:5821: checking how to convert aarch64-apple-darwin21.4.0 file names to aarch64-apple-darwin21.4.0 format
configure:5862: result: func_convert_file_noop
configure:5869: checking how to convert aarch64-apple-darwin21.4.0 file names to toolchain format
configure:5890: result: func_convert_file_noop
configure:5897: checking for /Library/Developer/CommandLineTools/usr/bin/ld option to reload object files
configure:5905: result: -r
configure:5984: checking for file
configure:6005: found /usr/bin/file
configure:6016: result: file
configure:6092: checking for objdump
configure:6113: found /usr/bin/objdump
configure:6124: result: objdump
configure:6156: checking how to recognize dependent libraries
configure:6357: result: pass_all
configure:6447: checking for dlltool
configure:6482: result: no
configure:6512: checking how to associate runtime and link libraries
configure:6540: result: printf %s\n
configure:6606: checking for ar
configure:6627: found /usr/bin/ar
configure:6638: result: ar
configure:6691: checking for archiver @FILE support
configure:6709: gcc -c -g -O2 -I/Users/lollipop/Desktop/Graph-Versioning/freetdi-tw -I/Users/lollipop/Desktop/Graph-Versioning/freetdi-tw/ta -Dunreachable\(\) -Dincomplete\(\) conftest.c >&5
In file included from <built-in>:400:
<command line>:1:20: warning: ISO C99 requires whitespace after the macro name [-Wc99-extensions]
#define unreachable\(\) 1
                   ^
<command line>:2:19: warning: ISO C99 requires whitespace after the macro name [-Wc99-extensions]
#define incomplete\(\) 1
                  ^
2 warnings generated.
configure:6709: $? = 0
configure:6713: ar cr libconftest.a @conftest.lst >&5
ar: @conftest.lst: No such file or directory
configure:6716: $? = 1
configure:6736: result: no
configure:6799: checking for strip
configure:6820: found /usr/bin/strip
configure:6831: result: strip
configure:6908: checking for ranlib
configure:6929: found /usr/bin/ranlib
configure:6940: result: ranlib
configure:7042: checking command to parse /usr/bin/nm -B output from gcc object
configure:7196: gcc -c -g -O2 -I/Users/lollipop/Desktop/Graph-Versioning/freetdi-tw -I/Users/lollipop/Desktop/Graph-Versioning/freetdi-tw/ta -Dunreachable\(\) -Dincomplete\(\) conftest.c >&5
In file included from <built-in>:400:
<command line>:1:20: warning: ISO C99 requires whitespace after the macro name [-Wc99-extensions]
#define unreachable\(\) 1
                   ^
<command line>:2:19: warning: ISO C99 requires whitespace after the macro name [-Wc99-extensions]
#define incomplete\(\) 1
                  ^
2 warnings generated.
configure:7199: $? = 0
configure:7203: /usr/bin/nm -B conftest.o \| /usr/bin/sed -n -e 's/^.*[ ]\([ABCDGIRSTW][ABCDGIRSTW]*\)[ ][ ]*\([_A-Za-z][_A-Za-z0-9]*\)$/\1 \2 \2/p' | /usr/bin/sed '/ __gnu_lto/d' \> conftest.nm
configure:7206: $? = 0
cannot find nm_test_var in conftest.nm
configure:7196: gcc -c -g -O2 -I/Users/lollipop/Desktop/Graph-Versioning/freetdi-tw -I/Users/lollipop/Desktop/Graph-Versioning/freetdi-tw/ta -Dunreachable\(\) -Dincomplete\(\) conftest.c >&5
In file included from <built-in>:400:
<command line>:1:20: warning: ISO C99 requires whitespace after the macro name [-Wc99-extensions]
#define unreachable\(\) 1
                   ^
<command line>:2:19: warning: ISO C99 requires whitespace after the macro name [-Wc99-extensions]
#define incomplete\(\) 1
                  ^
2 warnings generated.
configure:7199: $? = 0
configure:7203: /usr/bin/nm -B conftest.o \| /usr/bin/sed -n -e 's/^.*[ ]\([ABCDGIRSTW][ABCDGIRSTW]*\)[ ][ ]*_\([_A-Za-z][_A-Za-z0-9]*\)$/\1 _\2 \2/p' | /usr/bin/sed '/ __gnu_lto/d' \> conftest.nm
configure:7206: $? = 0
configure:7272: gcc -o conftest -g -O2 -I/Users/lollipop/Desktop/Graph-Versioning/freetdi-tw -I/Users/lollipop/Desktop/Graph-Versioning/freetdi-tw/ta -Dunreachable\(\) -Dincomplete\(\)  conftest.c conftstm.o >&5
In file included from <built-in>:400:
<command line>:1:20: warning: ISO C99 requires whitespace after the macro name [-Wc99-extensions]
#define unreachable\(\) 1
                   ^
<command line>:2:19: warning: ISO C99 requires whitespace after the macro name [-Wc99-extensions]
#define incomplete\(\) 1
                  ^
2 warnings generated.
warning: (arm64)  could not find object file symbol for symbol _main
configure:7275: $? = 0
configure:7313: result: ok
configure:7360: checking for sysroot
configure:7391: result: no
configure:7398: checking for a working dd
configure:7442: result: /bin/dd
configure:7446: checking how to truncate binary pipes
configure:7462: result: /bin/dd bs=4096 count=1
configure:7799: checking for mt
configure:7834: result: no
configure:7854: checking if : is a manifest tool
configure:7861: : '-?'
configure:7869: result: no
configure:7930: checking for dsymutil
configure:7951: found /usr/bin/dsymutil
configure:7962: result: dsymutil
configure:8032: checking for nmedit
configure:8053: found /usr/bin/nmedit
configure:8064: result: nmedit
configure:8134: checking for lipo
configure:8155: found /usr/bin/lipo
configure:8166: result: lipo
configure:8236: checking for otool
configure:8257: found /usr/bin/otool
configure:8268: result: otool
configure:8338: checking for otool64
configure:8373: result: no
configure:8418: checking for -single_module linker flag
gcc -g -O2  -o libconftest.dylib -dynamiclib -Wl,-single_module conftest.c
configure:8452: result: yes
configure:8455: checking for -exported_symbols_list linker flag
configure:8476: gcc -o conftest -g -O2 -I/Users/lollipop/Desktop/Graph-Versioning/freetdi-tw -I/Users/lollipop/Desktop/Graph-Versioning/freetdi-tw/ta -Dunreachable\(\) -Dincomplete\(\)  -Wl,-exported_symbols_list,conftest.sym conftest.c  >&5
In file included from <built-in>:400:
<command line>:1:20: warning: ISO C99 requires whitespace after the macro name [-Wc99-extensions]
#define unreachable\(\) 1
                   ^
<command line>:2:19: warning: ISO C99 requires whitespace after the macro name [-Wc99-extensions]
#define incomplete\(\) 1
                  ^
2 warnings generated.
configure:8476: $? = 0
configure:8487: result: yes
configure:8490: checking for -force_load linker flag
gcc -g -O2 -c -o conftest.o conftest.c
ar cr libconftest.a conftest.o
ranlib libconftest.a
gcc -g -O2  -o conftest conftest.c -Wl,-force_load,./libconftest.a
configure:8523: result: yes
configure:8594: checking for stdio.h
configure:8594: gcc -c -g -O2 -I/Users/lollipop/Desktop/Graph-Versioning/freetdi-tw -I/Users/lollipop/Desktop/Graph-Versioning/freetdi-tw/ta -Dunreachable\(\) -Dincomplete\(\) conftest.c >&5
In file included from <built-in>:400:
<command line>:1:20: warning: ISO C99 requires whitespace after the macro name [-Wc99-extensions]
#define unreachable\(\) 1
                   ^
<command line>:2:19: warning: ISO C99 requires whitespace after the macro name [-Wc99-extensions]
#define incomplete\(\) 1
                  ^
2 warnings generated.
configure:8594: $? = 0
configure:8594: result: yes
configure:8594: checking for stdlib.h
configure:8594: gcc -c -g -O2 -I/Users/lollipop/Desktop/Graph-Versioning/freetdi-tw -I/Users/lollipop/Desktop/Graph-Versioning/freetdi-tw/ta -Dunreachable\(\) -Dincomplete\(\) conftest.c >&5
In file included from <built-in>:400:
<command line>:1:20: warning: ISO C99 requires whitespace after the macro name [-Wc99-extensions]
#define unreachable\(\) 1
                   ^
<command line>:2:19: warning: ISO C99 requires whitespace after the macro name [-Wc99-extensions]
#define incomplete\(\) 1
                  ^
2 warnings generated.
configure:8594: $? = 0
configure:8594: result: yes
configure:8594: checking for string.h
configure:8594: gcc -c -g -O2 -I/Users/lollipop/Desktop/Graph-Versioning/freetdi-tw -I/Users/lollipop/Desktop/Graph-Versioning/freetdi-tw/ta -Dunreachable\(\) -Dincomplete\(\) conftest.c >&5
In file included from <built-in>:400:
<command line>:1:20: warning: ISO C99 requires whitespace after the macro name [-Wc99-extensions]
#define unreachable\(\) 1
                   ^
<command line>:2:19: warning: ISO C99 requires whitespace after the macro name [-Wc99-extensions]
#define incomplete\(\) 1
                  ^
2 warnings generated.
configure:8594: $? = 0
configure:8594: result: yes
configure:8594: checking for inttypes.h
configure:8594: gcc -c -g -O2 -I/Users/lollipop/Desktop/Graph-Versioning/freetdi-tw -I/Users/lollipop/Desktop/Graph-Versioning/freetdi-tw/ta -Dunreachable\(\) -Dincomplete\(\) conftest.c >&5
In file included from <built-in>:400:
<command line>:1:20: warning: ISO C99 requires whitespace after the macro name [-Wc99-extensions]
#define unreachable\(\) 1
                   ^
<command line>:2:19: warning: ISO C99 requires whitespace after the macro name [-Wc99-extensions]
#define incomplete\(\) 1
                  ^
2 warnings generated.
configure:8594: $? = 0
configure:8594: result: yes
configure:8594: checking for stdint.h
configure:8594: gcc -c -g -O2 -I/Users/lollipop/Desktop/Graph-Versioning/freetdi-tw -I/Users/lollipop/Desktop/Graph-Versioning/freetdi-tw/ta -Dunreachable\(\) -Dincomplete\(\) conftest.c >&5
In file included from <built-in>:400:
<command line>:1:20: warning: ISO C99 requires whitespace after the macro name [-Wc99-extensions]
#define unreachable\(\) 1
                   ^
<command line>:2:19: warning: ISO C99 requires whitespace after the macro name [-Wc99-extensions]
#define incomplete\(\) 1
                  ^
2 warnings generated.
configure:8594: $? = 0
configure:8594: result: yes
configure:8594: checking for strings.h
configure:8594: gcc -c -g -O2 -I/Users/lollipop/Desktop/Graph-Versioning/freetdi-tw -I/Users/lollipop/Desktop/Graph-Versioning/freetdi-tw/ta -Dunreachable\(\) -Dincomplete\(\) conftest.c >&5
In file included from <built-in>:400:
<command line>:1:20: warning: ISO C99 requires whitespace after the macro name [-Wc99-extensions]
#define unreachable\(\) 1
                   ^
<command line>:2:19: warning: ISO C99 requires whitespace after the macro name [-Wc99-extensions]
#define incomplete\(\) 1
                  ^
2 warnings generated.
configure:8594: $? = 0
configure:8594: result: yes
configure:8594: checking for sys/stat.h
configure:8594: gcc -c -g -O2 -I/Users/lollipop/Desktop/Graph-Versioning/freetdi-tw -I/Users/lollipop/Desktop/Graph-Versioning/freetdi-tw/ta -Dunreachable\(\) -Dincomplete\(\) conftest.c >&5
In file included from <built-in>:400:
<command line>:1:20: warning: ISO C99 requires whitespace after the macro name [-Wc99-extensions]
#define unreachable\(\) 1
                   ^
<command line>:2:19: warning: ISO C99 requires whitespace after the macro name [-Wc99-extensions]
#define incomplete\(\) 1
                  ^
2 warnings generated.
configure:8594: $? = 0
configure:8594: result: yes
configure:8594: checking for sys/types.h
configure:8594: gcc -c -g -O2 -I/Users/lollipop/Desktop/Graph-Versioning/freetdi-tw -I/Users/lollipop/Desktop/Graph-Versioning/freetdi-tw/ta -Dunreachable\(\) -Dincomplete\(\) conftest.c >&5
In file included from <built-in>:400:
<command line>:1:20: warning: ISO C99 requires whitespace after the macro name [-Wc99-extensions]
#define unreachable\(\) 1
                   ^
<command line>:2:19: warning: ISO C99 requires whitespace after the macro name [-Wc99-extensions]
#define incomplete\(\) 1
                  ^
2 warnings generated.
configure:8594: $? = 0
configure:8594: result: yes
configure:8594: checking for unistd.h
configure:8594: gcc -c -g -O2 -I/Users/lollipop/Desktop/Graph-Versioning/freetdi-tw -I/Users/lollipop/Desktop/Graph-Versioning/freetdi-tw/ta -Dunreachable\(\) -Dincomplete\(\) conftest.c >&5
In file included from <built-in>:400:
<command line>:1:20: warning: ISO C99 requires whitespace after the macro name [-Wc99-extensions]
#define unreachable\(\) 1
                   ^
<command line>:2:19: warning: ISO C99 requires whitespace after the macro name [-Wc99-extensions]
#define incomplete\(\) 1
                  ^
2 warnings generated.
configure:8594: $? = 0
configure:8594: result: yes
configure:8619: checking for dlfcn.h
configure:8619: gcc -c -g -O2 -I/Users/lollipop/Desktop/Graph-Versioning/freetdi-tw -I/Users/lollipop/Desktop/Graph-Versioning/freetdi-tw/ta -Dunreachable\(\) -Dincomplete\(\) conftest.c >&5
In file included from <built-in>:400:
<command line>:1:20: warning: ISO C99 requires whitespace after the macro name [-Wc99-extensions]
#define unreachable\(\) 1
                   ^
<command line>:2:19: warning: ISO C99 requires whitespace after the macro name [-Wc99-extensions]
#define incomplete\(\) 1
                  ^
2 warnings generated.
configure:8619: $? = 0
configure:8619: result: yes
configure:8878: checking for objdir
configure:8894: result: .libs
configure:9154: checking if gcc supports -fno-rtti -fno-exceptions
configure:9173: gcc -c -g -O2 -I/Users/lollipop/Desktop/Graph-Versioning/freetdi-tw -I/Users/lollipop/Desktop/Graph-Versioning/freetdi-tw/ta -Dunreachable\(\) -Dincomplete\(\) -fno-rtti -fno-exceptions conftest.c >&5
In file included from <built-in>:400:
<command line>:1:20: warning: ISO C99 requires whitespace after the macro name [-Wc99-extensions]
#define unreachable\(\) 1
                   ^
<command line>:2:19: warning: ISO C99 requires whitespace after the macro name [-Wc99-extensions]
#define incomplete\(\) 1
                  ^
2 warnings generated.
configure:9177: $? = 0
configure:9190: result: yes
configure:9548: checking for gcc option to produce PIC
configure:9556: result: -fno-common -DPIC
configure:9564: checking if gcc PIC flag -fno-common -DPIC works
configure:9583: gcc -c -g -O2 -I/Users/lollipop/Desktop/Graph-Versioning/freetdi-tw -I/Users/lollipop/Desktop/Graph-Versioning/freetdi-tw/ta -Dunreachable\(\) -Dincomplete\(\) -fno-common -DPIC -DPIC conftest.c >&5
In file included from <built-in>:400:
<command line>:1:20: warning: ISO C99 requires whitespace after the macro name [-Wc99-extensions]
#define unreachable\(\) 1
                   ^
<command line>:2:19: warning: ISO C99 requires whitespace after the macro name [-Wc99-extensions]
#define incomplete\(\) 1
                  ^
2 warnings generated.
configure:9587: $? = 0
configure:9600: result: yes
configure:9629: checking if gcc static flag -static works
configure:9658: result: no
configure:9673: checking if gcc supports -c -o file.o
configure:9695: gcc -c -g -O2 -I/Users/lollipop/Desktop/Graph-Versioning/freetdi-tw -I/Users/lollipop/Desktop/Graph-Versioning/freetdi-tw/ta -Dunreachable\(\) -Dincomplete\(\) -o out/conftest2.o conftest.c >&5
In file included from <built-in>:400:
<command line>:1:20: warning: ISO C99 requires whitespace after the macro name [-Wc99-extensions]
#define unreachable\(\) 1
                   ^
<command line>:2:19: warning: ISO C99 requires whitespace after the macro name [-Wc99-extensions]
#define incomplete\(\) 1
                  ^
2 warnings generated.
configure:9699: $? = 0
configure:9721: result: yes
configure:9729: checking if gcc supports -c -o file.o
configure:9777: result: yes
configure:9810: checking whether the gcc linker (/Library/Developer/CommandLineTools/usr/bin/ld) supports shared libraries
configure:11078: result: yes
configure:11319: checking dynamic linker characteristics
configure:12140: result: darwin21.4.0 dyld
configure:12262: checking how to hardcode library paths into programs
configure:12287: result: immediate
configure:12839: checking whether stripping libraries is possible
configure:12856: result: yes
configure:12890: checking if libtool supports shared libraries
configure:12892: result: yes
configure:12895: checking whether to build shared libraries
configure:12920: result: yes
configure:12923: checking whether to build static libraries
configure:12927: result: yes
configure:12966: checking if debug code should be compiled in
configure:12983: result: no
configure:13060: checking for g++
configure:13081: found /usr/bin/g++
configure:13092: result: g++
configure:13119: checking for C++ compiler version
configure:13128: g++ --version >&5
Apple clang version 13.1.6 (clang-1316.0.21.2.5)
Target: arm64-apple-darwin21.4.0
Thread model: posix
InstalledDir: /Library/Developer/CommandLineTools/usr/bin
configure:13139: $? = 0
configure:13128: g++ -v >&5
Apple clang version 13.1.6 (clang-1316.0.21.2.5)
Target: arm64-apple-darwin21.4.0
Thread model: posix
InstalledDir: /Library/Developer/CommandLineTools/usr/bin
configure:13139: $? = 0
configure:13128: g++ -V >&5
clang: error: argument to '-V' is missing (expected 1 value)
clang: error: no input files
configure:13139: $? = 1
configure:13128: g++ -qversion >&5
clang: error: unknown argument '-qversion'; did you mean '--version'?
clang: error: no input files
configure:13139: $? = 1
configure:13143: checking whether the compiler supports GNU C++
configure:13163: g++ -c -O3 -I/Users/lollipop/Desktop/Graph-Versioning/freetdi-tw -I/Users/lollipop/Desktop/Graph-Versioning/freetdi-tw/ta -Dunreachable\(\) -Dincomplete\(\) conftest.cpp >&5
In file included from <built-in>:414:
<command line>:1:20: warning: whitespace required after macro name
#define unreachable\(\) 1
                   ^
<command line>:2:19: warning: whitespace required after macro name
#define incomplete\(\) 1
                  ^
2 warnings generated.
configure:13163: $? = 0
configure:13173: result: yes
configure:13184: checking whether g++ accepts -g
configure:13205: g++ -c -g -I/Users/lollipop/Desktop/Graph-Versioning/freetdi-tw -I/Users/lollipop/Desktop/Graph-Versioning/freetdi-tw/ta -Dunreachable\(\) -Dincomplete\(\) conftest.cpp >&5
In file included from <built-in>:414:
<command line>:1:20: warning: whitespace required after macro name
#define unreachable\(\) 1
                   ^
<command line>:2:19: warning: whitespace required after macro name
#define incomplete\(\) 1
                  ^
2 warnings generated.
configure:13205: $? = 0
configure: failed program was:
| /* confdefs.h */
| #define PACKAGE_NAME "tdlib"
| #define PACKAGE_TARNAME "tdlib"
| #define PACKAGE_VERSION "0.8.7"
| #define PACKAGE_STRING "tdlib 0.8.7"
| #define PACKAGE_BUGREPORT "larisch@informatik.uni-frankfurt.de,felix@salfelder.org"
| #define PACKAGE_URL ""
| #define PACKAGE "tdlib"
| #define VERSION "0.8.7"
| #define HAVE_STDIO_H 1
| #define HAVE_STDLIB_H 1
| #define HAVE_STRING_H 1
| #define HAVE_INTTYPES_H 1
| #define HAVE_STDINT_H 1
| #define HAVE_STRINGS_H 1
| #define HAVE_SYS_STAT_H 1
| #define HAVE_SYS_TYPES_H 1
| #define HAVE_UNISTD_H 1
| #define STDC_HEADERS 1
| #define HAVE_DLFCN_H 1
| #define LT_OBJDIR ".libs/"
| /* end confdefs.h.  */
| 
| int
| main (void)
| {
| 
|   ;
|   return 0;
| }
configure:13221: g++ -c  -I/Users/lollipop/Desktop/Graph-Versioning/freetdi-tw -I/Users/lollipop/Desktop/Graph-Versioning/freetdi-tw/ta -Dunreachable\(\) -Dincomplete\(\) conftest.cpp >&5
In file included from <built-in>:414:
<command line>:1:20: warning: whitespace required after macro name
#define unreachable\(\) 1
                   ^
<command line>:2:19: warning: whitespace required after macro name
#define incomplete\(\) 1
                  ^
2 warnings generated.
configure:13221: $? = 0
configure: failed program was:
| /* confdefs.h */
| #define PACKAGE_NAME "tdlib"
| #define PACKAGE_TARNAME "tdlib"
| #define PACKAGE_VERSION "0.8.7"
| #define PACKAGE_STRING "tdlib 0.8.7"
| #define PACKAGE_BUGREPORT "larisch@informatik.uni-frankfurt.de,felix@salfelder.org"
| #define PACKAGE_URL ""
| #define PACKAGE "tdlib"
| #define VERSION "0.8.7"
| #define HAVE_STDIO_H 1
| #define HAVE_STDLIB_H 1
| #define HAVE_STRING_H 1
| #define HAVE_INTTYPES_H 1
| #define HAVE_STDINT_H 1
| #define HAVE_STRINGS_H 1
| #define HAVE_SYS_STAT_H 1
| #define HAVE_SYS_TYPES_H 1
| #define HAVE_UNISTD_H 1
| #define STDC_HEADERS 1
| #define HAVE_DLFCN_H 1
| #define LT_OBJDIR ".libs/"
| /* end confdefs.h.  */
| 
| int
| main (void)
| {
| 
|   ;
|   return 0;
| }
configure:13238: g++ -c -g -I/Users/lollipop/Desktop/Graph-Versioning/freetdi-tw -I/Users/lollipop/Desktop/Graph-Versioning/freetdi-tw/ta -Dunreachable\(\) -Dincomplete\(\) conftest.cpp >&5
In file included from <built-in>:414:
<command line>:1:20: warning: whitespace required after macro name
#define unreachable\(\) 1
                   ^
<command line>:2:19: warning: whitespace required after macro name
#define incomplete\(\) 1
                  ^
2 warnings generated.
configure:13238: $? = 0
configure:13249: result: yes
configure:13269: checking for g++ option to enable C++11 features
configure:13284: g++  -c -O3 -I/Users/lollipop/Desktop/Graph-Versioning/freetdi-tw -I/Users/lollipop/Desktop/Graph-Versioning/freetdi-tw/ta -Dunreachable\(\) -Dincomplete\(\) conftest.cpp >&5
In file included from <built-in>:414:
<command line>:1:20: warning: whitespace required after macro name
#define unreachable\(\) 1
                   ^
<command line>:2:19: warning: whitespace required after macro name
#define incomplete\(\) 1
                  ^
conftest.cpp:69:3: error: "Compiler does not advertise C++11 conformance"
# error "Compiler does not advertise C++11 conformance"
  ^
conftest.cpp:74:3: error: unknown type name 'constexpr'
  constexpr int get_val() { return 20; }
  ^
conftest.cpp:86:17: error: delegating constructors are permitted only in C++11
    delegate(): delegate(2354) {}
                ^~~~~~~~
conftest.cpp:97:26: warning: 'override' keyword is a C++11 extension [-Wc++11-extensions]
    virtual int getval() override final { return this->n * 2; }
                         ^
conftest.cpp:97:35: warning: 'final' keyword is a C++11 extension [-Wc++11-extensions]
    virtual int getval() override final { return this->n * 2; }
                                  ^
conftest.cpp:104:16: warning: defaulted function definitions are a C++11 extension [-Wc++11-extensions]
    nocopy() = default;
               ^
conftest.cpp:105:29: warning: deleted function definitions are a C++11 extension [-Wc++11-extensions]
    nocopy(const nocopy&) = delete;
                            ^
conftest.cpp:106:41: warning: deleted function definitions are a C++11 extension [-Wc++11-extensions]
    nocopy & operator=(const nocopy&) = delete;
                                        ^
conftest.cpp:118:25: warning: 'auto' type specifier is a C++11 extension [-Wc++11-extensions]
  template <typename V> auto sum(V first) -> V
                        ^
conftest.cpp:118:25: error: 'auto' not allowed in function return type
  template <typename V> auto sum(V first) -> V
                        ^~~~
conftest.cpp:118:42: error: expected ';' at end of declaration
  template <typename V> auto sum(V first) -> V
                                         ^
                                         ;
conftest.cpp:118:43: error: cannot use arrow operator on a type
  template <typename V> auto sum(V first) -> V
                                          ^
conftest.cpp:122:33: warning: variadic templates are a C++11 extension [-Wc++11-extensions]
  template <typename V, typename... Args> auto sum(V first, Args... rest) -> V
                                ^
conftest.cpp:122:43: warning: 'auto' type specifier is a C++11 extension [-Wc++11-extensions]
  template <typename V, typename... Args> auto sum(V first, Args... rest) -> V
                                          ^
conftest.cpp:122:43: error: 'auto' not allowed in function return type
  template <typename V, typename... Args> auto sum(V first, Args... rest) -> V
                                          ^~~~
conftest.cpp:122:74: error: expected ';' at end of declaration
  template <typename V, typename... Args> auto sum(V first, Args... rest) -> V
                                                                         ^
                                                                         ;
conftest.cpp:122:75: error: cannot use arrow operator on a type
  template <typename V, typename... Args> auto sum(V first, Args... rest) -> V
                                                                          ^
conftest.cpp:146:3: warning: 'auto' type specifier is a C++11 extension [-Wc++11-extensions]
  auto a1 = 6538;
  ^
conftest.cpp:147:3: warning: 'auto' type specifier is a C++11 extension [-Wc++11-extensions]
  auto a2 = 48573953.4;
  ^
conftest.cpp:148:3: warning: 'auto' type specifier is a C++11 extension [-Wc++11-extensions]
  auto a3 = "String literal";
  ^
conftest.cpp:151:8: warning: 'auto' type specifier is a C++11 extension [-Wc++11-extensions]
  for (auto i = a3; *i; ++i) { total += *i; }
       ^
conftest.cpp:167:8: warning: 'auto' type specifier is a C++11 extension [-Wc++11-extensions]
  for (auto &x : array) { x += 23; }
       ^
conftest.cpp:167:16: warning: range-based for loop is a C++11 extension [-Wc++11-extensions]
  for (auto &x : array) { x += 23; }
               ^
conftest.cpp:172:17: error: expected expression
  assert (eval ([](int x) { return x*2; }, 21) == 42);
                ^
conftest.cpp:174:17: error: expected expression
  assert (eval ([&](double x) { return d += x; }, 3.0) == 5.0);
                ^
conftest.cpp:176:17: error: expected expression
  assert (eval ([=](double x) mutable { return d += x; }, 4.0) == 9.0);
                ^
conftest.cpp:182:3: warning: 'auto' type specifier is a C++11 extension [-Wc++11-extensions]
  auto a = sum(1);
  ^
conftest.cpp:182:12: error: no matching function for call to 'sum'
  auto a = sum(1);
           ^~~
conftest.cpp:183:3: warning: 'auto' type specifier is a C++11 extension [-Wc++11-extensions]
  auto b = sum(1, 2);
  ^
conftest.cpp:183:12: error: no matching function for call to 'sum'
  auto b = sum(1, 2);
           ^~~
conftest.cpp:184:3: warning: 'auto' type specifier is a C++11 extension [-Wc++11-extensions]
  auto c = sum(1.0, 2.0, 3.0);
  ^
conftest.cpp:184:12: error: no matching function for call to 'sum'
  auto c = sum(1.0, 2.0, 3.0);
           ^~~
conftest.cpp:189:25: warning: empty parentheses interpreted as a function declaration [-Wvexing-parse]
  cxx11test::delegate d2();
                        ^~
conftest.cpp:189:25: note: remove parentheses to declare a variable
  cxx11test::delegate d2();
                        ^~
conftest.cpp:202:16: error: found '<::' after a template name which forms the digraph '<:' (aka '[') and a ':', did you mean '< ::'?
  test_template<::test_template<int>> v(test_template<int>(12));
               ^~~
               < ::
conftest.cpp:202:36: error: a space is required between consecutive right angle brackets (use '> >')
  test_template<::test_template<int>> v(test_template<int>(12));
                                   ^~
                                   > >
conftest.cpp:206:22: error: use of undeclared identifier 'u8'
  char const *utf8 = u8"UTF-8 string \u2500";
                     ^
conftest.cpp:206:24: error: expected ';' at end of declaration
  char const *utf8 = u8"UTF-8 string \u2500";
                       ^
                       ;
fatal error: too many errors emitted, stopping now [-ferror-limit=]
20 warnings and 20 errors generated.
configure:13284: $? = 1
configure: failed program was:
| /* confdefs.h */
| #define PACKAGE_NAME "tdlib"
| #define PACKAGE_TARNAME "tdlib"
| #define PACKAGE_VERSION "0.8.7"
| #define PACKAGE_STRING "tdlib 0.8.7"
| #define PACKAGE_BUGREPORT "larisch@informatik.uni-frankfurt.de,felix@salfelder.org"
| #define PACKAGE_URL ""
| #define PACKAGE "tdlib"
| #define VERSION "0.8.7"
| #define HAVE_STDIO_H 1
| #define HAVE_STDLIB_H 1
| #define HAVE_STRING_H 1
| #define HAVE_INTTYPES_H 1
| #define HAVE_STDINT_H 1
| #define HAVE_STRINGS_H 1
| #define HAVE_SYS_STAT_H 1
| #define HAVE_SYS_TYPES_H 1
| #define HAVE_UNISTD_H 1
| #define STDC_HEADERS 1
| #define HAVE_DLFCN_H 1
| #define LT_OBJDIR ".libs/"
| /* end confdefs.h.  */
| 
| // Does the compiler advertise C++98 conformance?
| #if !defined __cplusplus || __cplusplus < 199711L
| # error "Compiler does not advertise C++98 conformance"
| #endif
| 
| // These inclusions are to reject old compilers that
| // lack the unsuffixed header files.
| #include <cstdlib>
| #include <exception>
| 
| // <cassert> and <cstring> are *not* freestanding headers in C++98.
| extern void assert (int);
| namespace std {
|   extern int strcmp (const char *, const char *);
| }
| 
| // Namespaces, exceptions, and templates were all added after "C++ 2.0".
| using std::exception;
| using std::strcmp;
| 
| namespace {
| 
| void test_exception_syntax()
| {
|   try {
|     throw "test";
|   } catch (const char *s) {
|     // Extra parentheses suppress a warning when building autoconf itself,
|     // due to lint rules shared with more typical C programs.
|     assert (!(strcmp) (s, "test"));
|   }
| }
| 
| template <typename T> struct test_template
| {
|   T const val;
|   explicit test_template(T t) : val(t) {}
|   template <typename U> T add(U u) { return static_cast<T>(u) + val; }
| };
| 
| } // anonymous namespace
| 
| 
| // Does the compiler advertise C++ 2011 conformance?
| #if !defined __cplusplus || __cplusplus < 201103L
| # error "Compiler does not advertise C++11 conformance"
| #endif
| 
| namespace cxx11test
| {
|   constexpr int get_val() { return 20; }
| 
|   struct testinit
|   {
|     int i;
|     double d;
|   };
| 
|   class delegate
|   {
|   public:
|     delegate(int n) : n(n) {}
|     delegate(): delegate(2354) {}
| 
|     virtual int getval() { return this->n; };
|   protected:
|     int n;
|   };
| 
|   class overridden : public delegate
|   {
|   public:
|     overridden(int n): delegate(n) {}
|     virtual int getval() override final { return this->n * 2; }
|   };
| 
|   class nocopy
|   {
|   public:
|     nocopy(int i): i(i) {}
|     nocopy() = default;
|     nocopy(const nocopy&) = delete;
|     nocopy & operator=(const nocopy&) = delete;
|   private:
|     int i;
|   };
| 
|   // for testing lambda expressions
|   template <typename Ret, typename Fn> Ret eval(Fn f, Ret v)
|   {
|     return f(v);
|   }
| 
|   // for testing variadic templates and trailing return types
|   template <typename V> auto sum(V first) -> V
|   {
|     return first;
|   }
|   template <typename V, typename... Args> auto sum(V first, Args... rest) -> V
|   {
|     return first + sum(rest...);
|   }
| }
| 
| 
| int
| main (int argc, char **argv)
| {
|   int ok = 0;
|   
|   assert (argc);
|   assert (! argv[0]);
| {
|   test_exception_syntax ();
|   test_template<double> tt (2.0);
|   assert (tt.add (4) == 6.0);
|   assert (true && !false);
| }
| 
|   
| {
|   // Test auto and decltype
|   auto a1 = 6538;
|   auto a2 = 48573953.4;
|   auto a3 = "String literal";
| 
|   int total = 0;
|   for (auto i = a3; *i; ++i) { total += *i; }
| 
|   decltype(a2) a4 = 34895.034;
| }
| {
|   // Test constexpr
|   short sa[cxx11test::get_val()] = { 0 };
| }
| {
|   // Test initializer lists
|   cxx11test::testinit il = { 4323, 435234.23544 };
| }
| {
|   // Test range-based for
|   int array[] = {9, 7, 13, 15, 4, 18, 12, 10, 5, 3,
|                  14, 19, 17, 8, 6, 20, 16, 2, 11, 1};
|   for (auto &x : array) { x += 23; }
| }
| {
|   // Test lambda expressions
|   using cxx11test::eval;
|   assert (eval ([](int x) { return x*2; }, 21) == 42);
|   double d = 2.0;
|   assert (eval ([&](double x) { return d += x; }, 3.0) == 5.0);
|   assert (d == 5.0);
|   assert (eval ([=](double x) mutable { return d += x; }, 4.0) == 9.0);
|   assert (d == 5.0);
| }
| {
|   // Test use of variadic templates
|   using cxx11test::sum;
|   auto a = sum(1);
|   auto b = sum(1, 2);
|   auto c = sum(1.0, 2.0, 3.0);
| }
| {
|   // Test constructor delegation
|   cxx11test::delegate d1;
|   cxx11test::delegate d2();
|   cxx11test::delegate d3(45);
| }
| {
|   // Test override and final
|   cxx11test::overridden o1(55464);
| }
| {
|   // Test nullptr
|   char *c = nullptr;
| }
| {
|   // Test template brackets
|   test_template<::test_template<int>> v(test_template<int>(12));
| }
| {
|   // Unicode literals
|   char const *utf8 = u8"UTF-8 string \u2500";
|   char16_t const *utf16 = u"UTF-8 string \u2500";
|   char32_t const *utf32 = U"UTF-32 string \u2500";
| }
| 
|   return ok;
| }
| 
configure:13302: result: none needed
configure:13368: checking dependency style of g++
configure:13480: result: gcc3
configure:13513: checking how to run the C++ preprocessor
configure:13535: g++ -E -I/Users/lollipop/Desktop/Graph-Versioning/freetdi-tw -I/Users/lollipop/Desktop/Graph-Versioning/freetdi-tw/ta -Dunreachable\(\) -Dincomplete\(\) conftest.cpp
In file included from <built-in>:414:
<command line>:1:20: warning: whitespace required after macro name
#define unreachable\(\) 1
                   ^
<command line>:2:19: warning: whitespace required after macro name
#define incomplete\(\) 1
                  ^
2 warnings generated.
configure:13535: $? = 0
configure:13550: g++ -E -I/Users/lollipop/Desktop/Graph-Versioning/freetdi-tw -I/Users/lollipop/Desktop/Graph-Versioning/freetdi-tw/ta -Dunreachable\(\) -Dincomplete\(\) conftest.cpp
In file included from <built-in>:414:
<command line>:1:20: warning: whitespace required after macro name
#define unreachable\(\) 1
                   ^
<command line>:2:19: warning: whitespace required after macro name
#define incomplete\(\) 1
                  ^
conftest.cpp:23:10: fatal error: 'ac_nonexistent.h' file not found
#include <ac_nonexistent.h>
         ^~~~~~~~~~~~~~~~~~
2 warnings and 1 error generated.
configure:13550: $? = 1
configure: failed program was:
| /* confdefs.h */
| #define PACKAGE_NAME "tdlib"
| #define PACKAGE_TARNAME "tdlib"
| #define PACKAGE_VERSION "0.8.7"
| #define PACKAGE_STRING "tdlib 0.8.7"
| #define PACKAGE_BUGREPORT "larisch@informatik.uni-frankfurt.de,felix@salfelder.org"
| #define PACKAGE_URL ""
| #define PACKAGE "tdlib"
| #define VERSION "0.8.7"
| #define HAVE_STDIO_H 1
| #define HAVE_STDLIB_H 1
| #define HAVE_STRING_H 1
| #define HAVE_INTTYPES_H 1
| #define HAVE_STDINT_H 1
| #define HAVE_STRINGS_H 1
| #define HAVE_SYS_STAT_H 1
| #define HAVE_SYS_TYPES_H 1
| #define HAVE_UNISTD_H 1
| #define STDC_HEADERS 1
| #define HAVE_DLFCN_H 1
| #define LT_OBJDIR ".libs/"
| /* end confdefs.h.  */
| #include <ac_nonexistent.h>
configure:13577: result: g++ -E
configure:13591: g++ -E -I/Users/lollipop/Desktop/Graph-Versioning/freetdi-tw -I/Users/lollipop/Desktop/Graph-Versioning/freetdi-tw/ta -Dunreachable\(\) -Dincomplete\(\) conftest.cpp
In file included from <built-in>:414:
<command line>:1:20: warning: whitespace required after macro name
#define unreachable\(\) 1
                   ^
<command line>:2:19: warning: whitespace required after macro name
#define incomplete\(\) 1
                  ^
2 warnings generated.
configure:13591: $? = 0
configure:13606: g++ -E -I/Users/lollipop/Desktop/Graph-Versioning/freetdi-tw -I/Users/lollipop/Desktop/Graph-Versioning/freetdi-tw/ta -Dunreachable\(\) -Dincomplete\(\) conftest.cpp
In file included from <built-in>:414:
<command line>:1:20: warning: whitespace required after macro name
#define unreachable\(\) 1
                   ^
<command line>:2:19: warning: whitespace required after macro name
#define incomplete\(\) 1
                  ^
conftest.cpp:23:10: fatal error: 'ac_nonexistent.h' file not found
#include <ac_nonexistent.h>
         ^~~~~~~~~~~~~~~~~~
2 warnings and 1 error generated.
configure:13606: $? = 1
configure: failed program was:
| /* confdefs.h */
| #define PACKAGE_NAME "tdlib"
| #define PACKAGE_TARNAME "tdlib"
| #define PACKAGE_VERSION "0.8.7"
| #define PACKAGE_STRING "tdlib 0.8.7"
| #define PACKAGE_BUGREPORT "larisch@informatik.uni-frankfurt.de,felix@salfelder.org"
| #define PACKAGE_URL ""
| #define PACKAGE "tdlib"
| #define VERSION "0.8.7"
| #define HAVE_STDIO_H 1
| #define HAVE_STDLIB_H 1
| #define HAVE_STRING_H 1
| #define HAVE_INTTYPES_H 1
| #define HAVE_STDINT_H 1
| #define HAVE_STRINGS_H 1
| #define HAVE_SYS_STAT_H 1
| #define HAVE_SYS_TYPES_H 1
| #define HAVE_UNISTD_H 1
| #define STDC_HEADERS 1
| #define HAVE_DLFCN_H 1
| #define LT_OBJDIR ".libs/"
| /* end confdefs.h.  */
| #include <ac_nonexistent.h>
configure:13771: checking for ld used by g++
configure:13839: result: /Library/Developer/CommandLineTools/usr/bin/ld
configure:13846: checking if the linker (/Library/Developer/CommandLineTools/usr/bin/ld) is GNU ld
configure:13862: result: no
configure:13917: checking whether the g++ linker (/Library/Developer/CommandLineTools/usr/bin/ld) supports shared libraries
configure:14995: result: yes
configure:15031: g++ -c -O3 -I/Users/lollipop/Desktop/Graph-Versioning/freetdi-tw -I/Users/lollipop/Desktop/Graph-Versioning/freetdi-tw/ta -Dunreachable\(\) -Dincomplete\(\) conftest.cpp >&5
In file included from <built-in>:414:
<command line>:1:20: warning: whitespace required after macro name
#define unreachable\(\) 1
                   ^
<command line>:2:19: warning: whitespace required after macro name
#define incomplete\(\) 1
                  ^
2 warnings generated.
configure:15034: $? = 0
configure:15515: checking for g++ option to produce PIC
configure:15523: result: -fno-common -DPIC
configure:15531: checking if g++ PIC flag -fno-common -DPIC works
configure:15550: g++ -c -O3 -I/Users/lollipop/Desktop/Graph-Versioning/freetdi-tw -I/Users/lollipop/Desktop/Graph-Versioning/freetdi-tw/ta -Dunreachable\(\) -Dincomplete\(\) -fno-common -DPIC -DPIC conftest.cpp >&5
In file included from <built-in>:414:
<command line>:1:20: warning: whitespace required after macro name
#define unreachable\(\) 1
                   ^
<command line>:2:19: warning: whitespace required after macro name
#define incomplete\(\) 1
                  ^
2 warnings generated.
configure:15554: $? = 0
configure:15567: result: yes
configure:15590: checking if g++ static flag -static works
configure:15619: result: no
configure:15631: checking if g++ supports -c -o file.o
configure:15653: g++ -c -O3 -I/Users/lollipop/Desktop/Graph-Versioning/freetdi-tw -I/Users/lollipop/Desktop/Graph-Versioning/freetdi-tw/ta -Dunreachable\(\) -Dincomplete\(\) -o out/conftest2.o conftest.cpp >&5
In file included from <built-in>:414:
<command line>:1:20: warning: whitespace required after macro name
#define unreachable\(\) 1
                   ^
<command line>:2:19: warning: whitespace required after macro name
#define incomplete\(\) 1
                  ^
2 warnings generated.
configure:15657: $? = 0
configure:15679: result: yes
configure:15684: checking if g++ supports -c -o file.o
configure:15732: result: yes
configure:15762: checking whether the g++ linker (/Library/Developer/CommandLineTools/usr/bin/ld) supports shared libraries
configure:15802: result: yes
configure:15944: checking dynamic linker characteristics
configure:16692: result: darwin21.4.0 dyld
configure:16757: checking how to hardcode library paths into programs
configure:16782: result: immediate
configure:17873: checking for gala/graph.h
configure:17873: g++ -c -O3 -std=c++11 -I/Users/lollipop/Desktop/Graph-Versioning/freetdi-tw -I/Users/lollipop/Desktop/Graph-Versioning/freetdi-tw/ta -Dunreachable\(\) -Dincomplete\(\) conftest.cpp >&5
In file included from <built-in>:433:
<command line>:1:20: warning: ISO C99 requires whitespace after the macro name [-Wc99-extensions]
#define unreachable\(\) 1
                   ^
<command line>:2:19: warning: ISO C99 requires whitespace after the macro name [-Wc99-extensions]
#define incomplete\(\) 1
                  ^
In file included from conftest.cpp:51:
/Users/lollipop/Desktop/Graph-Versioning/freetdi-tw/gala/graph.h:30:10: fatal error: 'stx/btree_set.h' file not found
#include <stx/btree_set.h>
         ^~~~~~~~~~~~~~~~~
2 warnings and 1 error generated.
configure:17873: $? = 1
configure: failed program was:
| /* confdefs.h */
| #define PACKAGE_NAME "tdlib"
| #define PACKAGE_TARNAME "tdlib"
| #define PACKAGE_VERSION "0.8.7"
| #define PACKAGE_STRING "tdlib 0.8.7"
| #define PACKAGE_BUGREPORT "larisch@informatik.uni-frankfurt.de,felix@salfelder.org"
| #define PACKAGE_URL ""
| #define PACKAGE "tdlib"
| #define VERSION "0.8.7"
| #define HAVE_STDIO_H 1
| #define HAVE_STDLIB_H 1
| #define HAVE_STRING_H 1
| #define HAVE_INTTYPES_H 1
| #define HAVE_STDINT_H 1
| #define HAVE_STRINGS_H 1
| #define HAVE_SYS_STAT_H 1
| #define HAVE_SYS_TYPES_H 1
| #define HAVE_UNISTD_H 1
| #define STDC_HEADERS 1
| #define HAVE_DLFCN_H 1
| #define LT_OBJDIR ".libs/"
| /* end confdefs.h.  */
| #include <stddef.h>
| #ifdef HAVE_STDIO_H
| # include <stdio.h>
| #endif
| #ifdef HAVE_STDLIB_H
| # include <stdlib.h>
| #endif
| #ifdef HAVE_STRING_H
| # include <string.h>
| #endif
| #ifdef HAVE_INTTYPES_H
| # include <inttypes.h>
| #endif
| #ifdef HAVE_STDINT_H
| # include <stdint.h>
| #endif
| #ifdef HAVE_STRINGS_H
| # include <strings.h>
| #endif
| #ifdef HAVE_SYS_TYPES_H
| # include <sys/types.h>
| #endif
| #ifdef HAVE_SYS_STAT_H
| # include <sys/stat.h>
| #endif
| #ifdef HAVE_UNISTD_H
| # include <unistd.h>
| #endif
| #include <gala/graph.h>
configure:17873: result: no
configure:17914: checking for stx/btree_set.h
configure:17914: g++ -c -O3 -std=c++11 -I/Users/lollipop/Desktop/Graph-Versioning/freetdi-tw -I/Users/lollipop/Desktop/Graph-Versioning/freetdi-tw/ta -Dunreachable\(\) -Dincomplete\(\) conftest.cpp >&5
In file included from <built-in>:433:
<command line>:1:20: warning: ISO C99 requires whitespace after the macro name [-Wc99-extensions]
#define unreachable\(\) 1
                   ^
<command line>:2:19: warning: ISO C99 requires whitespace after the macro name [-Wc99-extensions]
#define incomplete\(\) 1
                  ^
conftest.cpp:51:10: fatal error: 'stx/btree_set.h' file not found
#include <stx/btree_set.h>
         ^~~~~~~~~~~~~~~~~
2 warnings and 1 error generated.
configure:17914: $? = 1
configure: failed program was:
| /* confdefs.h */
| #define PACKAGE_NAME "tdlib"
| #define PACKAGE_TARNAME "tdlib"
| #define PACKAGE_VERSION "0.8.7"
| #define PACKAGE_STRING "tdlib 0.8.7"
| #define PACKAGE_BUGREPORT "larisch@informatik.uni-frankfurt.de,felix@salfelder.org"
| #define PACKAGE_URL ""
| #define PACKAGE "tdlib"
| #define VERSION "0.8.7"
| #define HAVE_STDIO_H 1
| #define HAVE_STDLIB_H 1
| #define HAVE_STRING_H 1
| #define HAVE_INTTYPES_H 1
| #define HAVE_STDINT_H 1
| #define HAVE_STRINGS_H 1
| #define HAVE_SYS_STAT_H 1
| #define HAVE_SYS_TYPES_H 1
| #define HAVE_UNISTD_H 1
| #define STDC_HEADERS 1
| #define HAVE_DLFCN_H 1
| #define LT_OBJDIR ".libs/"
| /* end confdefs.h.  */
| #include <stddef.h>
| #ifdef HAVE_STDIO_H
| # include <stdio.h>
| #endif
| #ifdef HAVE_STDLIB_H
| # include <stdlib.h>
| #endif
| #ifdef HAVE_STRING_H
| # include <string.h>
| #endif
| #ifdef HAVE_INTTYPES_H
| # include <inttypes.h>
| #endif
| #ifdef HAVE_STDINT_H
| # include <stdint.h>
| #endif
| #ifdef HAVE_STRINGS_H
| # include <strings.h>
| #endif
| #ifdef HAVE_SYS_TYPES_H
| # include <sys/types.h>
| #endif
| #ifdef HAVE_SYS_STAT_H
| # include <sys/stat.h>
| #endif
| #ifdef HAVE_UNISTD_H
| # include <unistd.h>
| #endif
| #include <stx/btree_set.h>
configure:17914: result: no
configure:17971: checking for inline
configure:17988: g++ -c -O3 -std=c++11 -I/Users/lollipop/Desktop/Graph-Versioning/freetdi-tw -I/Users/lollipop/Desktop/Graph-Versioning/freetdi-tw/ta -Dunreachable\(\) -Dincomplete\(\) conftest.cpp >&5
In file included from <built-in>:433:
<command line>:1:20: warning: ISO C99 requires whitespace after the macro name [-Wc99-extensions]
#define unreachable\(\) 1
                   ^
<command line>:2:19: warning: ISO C99 requires whitespace after the macro name [-Wc99-extensions]
#define incomplete\(\) 1
                  ^
2 warnings generated.
configure:17988: $? = 0
configure:17997: result: inline
configure:18151: checking that generated files are newer than configure
configure:18157: result: done
configure:18192: creating ./config.status

## ---------------------- ##
## Running config.status. ##
## ---------------------- ##

This file was extended by tdlib config.status 0.8.7, which was
generated by GNU Autoconf 2.71.  Invocation command line was

  CONFIG_FILES    = 
  CONFIG_HEADERS  = 
  CONFIG_LINKS    = 
  CONFIG_COMMANDS = 
  $ ./config.status 

on anxinsmxpremium.ads.northwestern.edu

config.status:1167: creating Makefile
config.status:1167: creating pytdlib/Makefile
config.status:1167: creating pytdlib/tests/Makefile
config.status:1167: creating src/Makefile
config.status:1167: creating src/bits/Makefile
config.status:1167: creating src/impl/Makefile
config.status:1167: creating tests/Makefile
config.status:1167: creating grtd/Makefile
config.status:1167: creating config.h
config.status:1381: executing depfiles commands
config.status:1458: cd pytdlib       && sed -e '/# am--include-marker/d' Makefile         | make -f - am--depfiles
config.status:1463: $? = 0
config.status:1458: cd tests       && sed -e '/# am--include-marker/d' Makefile         | make -f - am--depfiles
config.status:1463: $? = 0
config.status:1458: cd grtd       && sed -e '/# am--include-marker/d' Makefile         | make -f - am--depfiles
config.status:1463: $? = 0
config.status:1381: executing libtool commands
configure:20615: result:
** Configuration summary for tdlib 0.8.7:

   prefix:     /usr/local
   python:     no
   gala:       no
   CPPFLAGS:   -I/Users/lollipop/Desktop/Graph-Versioning/freetdi-tw -I/Users/lollipop/Desktop/Graph-Versioning/freetdi-tw/ta -Dunreachable\(\) -Dincomplete\(\) -DNDEBUG
   CXXFLAGS:   -O3 -std=c++11


## ---------------- ##
## Cache variables. ##
## ---------------- ##

ac_cv_build=aarch64-apple-darwin21.4.0
ac_cv_c_compiler_gnu=yes
ac_cv_c_inline=inline
ac_cv_cxx_compiler_gnu=yes
ac_cv_env_CCC_set=
ac_cv_env_CCC_value=
ac_cv_env_CC_set=
ac_cv_env_CC_value=
ac_cv_env_CFLAGS_set=
ac_cv_env_CFLAGS_value=
ac_cv_env_CPPFLAGS_set=set
ac_cv_env_CPPFLAGS_value='-I/Users/lollipop/Desktop/Graph-Versioning/freetdi-tw -I/Users/lollipop/Desktop/Graph-Versioning/freetdi-tw/ta -Dunreachable\(\) -Dincomplete\(\)'
ac_cv_env_CXXCPP_set=
ac_cv_env_CXXCPP_value=
ac_cv_env_CXXFLAGS_set=set
ac_cv_env_CXXFLAGS_value=-O3
ac_cv_env_CXX_set=
ac_cv_env_CXX_value=
ac_cv_env_LDFLAGS_set=
ac_cv_env_LDFLAGS_value=
ac_cv_env_LIBS_set=
ac_cv_env_LIBS_value=
ac_cv_env_LT_SYS_LIBRARY_PATH_set=
ac_cv_env_LT_SYS_LIBRARY_PATH_value=
ac_cv_env_PYTHON_set=
ac_cv_env_PYTHON_value=
ac_cv_env_build_alias_set=
ac_cv_env_build_alias_value=
ac_cv_env_host_alias_set=
ac_cv_env_host_alias_value=
ac_cv_env_target_alias_set=
ac_cv_env_target_alias_value=
ac_cv_header_dlfcn_h=yes
ac_cv_header_gala_graph_h=no
ac_cv_header_inttypes_h=yes
ac_cv_header_stdint_h=yes
ac_cv_header_stdio_h=yes
ac_cv_header_stdlib_h=yes
ac_cv_header_string_h=yes
ac_cv_header_strings_h=yes
ac_cv_header_stx_btree_set_h=no
ac_cv_header_sys_stat_h=yes
ac_cv_header_sys_types_h=yes
ac_cv_header_unistd_h=yes
ac_cv_host=aarch64-apple-darwin21.4.0
ac_cv_objext=o
ac_cv_path_EGREP='/usr/bin/grep -E'
ac_cv_path_FGREP='/usr/bin/grep -F'
ac_cv_path_GREP=/usr/bin/grep
ac_cv_path_SED=/usr/bin/sed
ac_cv_path_install='/usr/bin/install -c'
ac_cv_path_lt_DD=/bin/dd
ac_cv_prog_AWK=awk
ac_cv_prog_CXXCPP='g++ -E'
ac_cv_prog_ac_ct_AR=ar
ac_cv_prog_ac_ct_CC=gcc
ac_cv_prog_ac_ct_CXX=g++
ac_cv_prog_ac_ct_DSYMUTIL=dsymutil
ac_cv_prog_ac_ct_FILECMD=file
ac_cv_prog_ac_ct_LIPO=lipo
ac_cv_prog_ac_ct_NMEDIT=nmedit
ac_cv_prog_ac_ct_OBJDUMP=objdump
ac_cv_prog_ac_ct_OTOOL=otool
ac_cv_prog_ac_ct_RANLIB=ranlib
ac_cv_prog_ac_ct_STRIP=strip
ac_cv_prog_cc_c11=
ac_cv_prog_cc_g=yes
ac_cv_prog_cc_stdc=
ac_cv_prog_cxx_11=no
ac_cv_prog_cxx_g=yes
ac_cv_prog_cxx_stdcxx=
ac_cv_prog_make_make_set=yes
am_cv_CC_dependencies_compiler_type=gcc3
am_cv_CXX_dependencies_compiler_type=gcc3
am_cv_make_support_nested_variables=yes
am_cv_prog_cc_c_o=yes
lt_cv_apple_cc_single_mod=yes
lt_cv_ar_at_file=no
lt_cv_deplibs_check_method=pass_all
lt_cv_file_magic_cmd='$MAGIC_CMD'
lt_cv_file_magic_test_file=
lt_cv_ld_exported_symbols_list=yes
lt_cv_ld_force_load=yes
lt_cv_ld_reload_flag=-r
lt_cv_nm_interface='BSD nm'
lt_cv_objdir=.libs
lt_cv_path_LD=/Library/Developer/CommandLineTools/usr/bin/ld
lt_cv_path_LDCXX=/Library/Developer/CommandLineTools/usr/bin/ld
lt_cv_path_NM='/usr/bin/nm -B'
lt_cv_path_mainfest_tool=no
lt_cv_prog_compiler_c_o=yes
lt_cv_prog_compiler_c_o_CXX=yes
lt_cv_prog_compiler_pic='-fno-common -DPIC'
lt_cv_prog_compiler_pic_CXX='-fno-common -DPIC'
lt_cv_prog_compiler_pic_works=yes
lt_cv_prog_compiler_pic_works_CXX=yes
lt_cv_prog_compiler_rtti_exceptions=yes
lt_cv_prog_compiler_static_works=no
lt_cv_prog_compiler_static_works_CXX=no
lt_cv_prog_gnu_ld=no
lt_cv_prog_gnu_ldcxx=no
lt_cv_sharedlib_from_linklib_cmd='printf %s\n'
lt_cv_sys_global_symbol_pipe='/usr/bin/sed -n -e '\''s/^.*[	 ]\([ABCDGIRSTW][ABCDGIRSTW]*\)[	 ][	 ]*_\([_A-Za-z][_A-Za-z0-9]*\)$/\1 _\2 \2/p'\'' | /usr/bin/sed '\''/ __gnu_lto/d'\'''
lt_cv_sys_global_symbol_to_c_name_address='/usr/bin/sed -n -e '\''s/^: \(.*\) .*$/  {"\1", (void *) 0},/p'\'' -e '\''s/^[ABCDGIRSTW][ABCDGIRSTW]* .* \(.*\)$/  {"\1", (void *) \&\1},/p'\'''
lt_cv_sys_global_symbol_to_c_name_address_lib_prefix='/usr/bin/sed -n -e '\''s/^: \(.*\) .*$/  {"\1", (void *) 0},/p'\'' -e '\''s/^[ABCDGIRSTW][ABCDGIRSTW]* .* \(lib.*\)$/  {"\1", (void *) \&\1},/p'\'' -e '\''s/^[ABCDGIRSTW][ABCDGIRSTW]* .* \(.*\)$/  {"lib\1", (void *) \&\1},/p'\'''
lt_cv_sys_global_symbol_to_cdecl='/usr/bin/sed -n -e '\''s/^T .* \(.*\)$/extern int \1();/p'\'' -e '\''s/^[ABCDGIRSTW][ABCDGIRSTW]* .* \(.*\)$/extern char \1;/p'\'''
lt_cv_sys_global_symbol_to_import=
lt_cv_sys_max_cmd_len=786432
lt_cv_to_host_file_cmd=func_convert_file_noop
lt_cv_to_tool_file_cmd=func_convert_file_noop
lt_cv_truncate_bin='/bin/dd bs=4096 count=1'

## ----------------- ##
## Output variables. ##
## ----------------- ##

ACLOCAL='${SHELL} '\''/Users/lollipop/Desktop/Graph-Versioning/freetdi-tw/tdlib/missing'\'' aclocal-1.16'
AMDEPBACKSLASH='\'
AMDEP_FALSE='#'
AMDEP_TRUE=''
AMTAR='$${TAR-tar}'
AM_BACKSLASH='\'
AM_DEFAULT_V='$(AM_DEFAULT_VERBOSITY)'
AM_DEFAULT_VERBOSITY='1'
AM_V='$(V)'
AR='ar'
AUTOCONF='${SHELL} '\''/Users/lollipop/Desktop/Graph-Versioning/freetdi-tw/tdlib/missing'\'' autoconf'
AUTOHEADER='${SHELL} '\''/Users/lollipop/Desktop/Graph-Versioning/freetdi-tw/tdlib/missing'\'' autoheader'
AUTOMAKE='${SHELL} '\''/Users/lollipop/Desktop/Graph-Versioning/freetdi-tw/tdlib/missing'\'' automake-1.16'
AWK='awk'
CC='gcc'
CCDEPMODE='depmode=gcc3'
CFLAGS='-g -O2'
CPPFLAGS='-I/Users/lollipop/Desktop/Graph-Versioning/freetdi-tw -I/Users/lollipop/Desktop/Graph-Versioning/freetdi-tw/ta -Dunreachable\(\) -Dincomplete\(\) -DNDEBUG'
CSCOPE='cscope'
CTAGS='ctags'
CXX='g++'
CXXCPP='g++ -E'
CXXDEPMODE='depmode=gcc3'
CXXFLAGS='-O3 -std=c++11'
CYGPATH_W='echo'
CYTHON=''
DEFS='-DHAVE_CONFIG_H'
DEPDIR='.deps'
DLLTOOL='false'
DSYMUTIL='dsymutil'
DUMPBIN=''
ECHO_C='\c'
ECHO_N=''
ECHO_T=''
EGREP='/usr/bin/grep -E'
ETAGS='etags'
EXEEXT=''
FGREP='/usr/bin/grep -F'
FILECMD='file'
GREP='/usr/bin/grep'
INSTALL_DATA='${INSTALL} -m 644'
INSTALL_PROGRAM='${INSTALL}'
INSTALL_SCRIPT='${INSTALL}'
INSTALL_STRIP_PROGRAM='$(install_sh) -c -s'
LD='/Library/Developer/CommandLineTools/usr/bin/ld'
LDFLAGS=''
LIBOBJS=''
LIBS=''
LIBTOOL='$(SHELL) $(top_builddir)/libtool'
LIPO='lipo'
LN_S='ln -s'
LTLIBOBJS=''
LT_SYS_LIBRARY_PATH=''
MAKEINFO='${SHELL} '\''/Users/lollipop/Desktop/Graph-Versioning/freetdi-tw/tdlib/missing'\'' makeinfo'
MANIFEST_TOOL=':'
MKDIR_P='../tdlib/install-sh -c -d'
NM='/usr/bin/nm -B'
NMEDIT='nmedit'
OBJDUMP='objdump'
OBJEXT='o'
OTOOL64=':'
OTOOL='otool'
PACKAGE='tdlib'
PACKAGE_BUGREPORT='larisch@informatik.uni-frankfurt.de,felix@salfelder.org'
PACKAGE_NAME='tdlib'
PACKAGE_STRING='tdlib 0.8.7'
PACKAGE_TARNAME='tdlib'
PACKAGE_URL=''
PACKAGE_VERSION='0.8.7'
PATH_SEPARATOR=':'
PYTHON=''
PYTHON_EXEC_PREFIX=''
PYTHON_INCLUDES=''
PYTHON_INCLUDE_DIR=''
PYTHON_LIB_DIR=''
PYTHON_PLATFORM=''
PYTHON_PREFIX=''
PYTHON_VERSION=''
RANLIB='ranlib'
SED='/usr/bin/sed'
SET_MAKE=''
SHELL='/bin/sh'
STRIP='strip'
USE_GALA_FALSE=''
USE_GALA_TRUE='#'
USE_PYTHON_FALSE=''
USE_PYTHON_TRUE='#'
VERSION='0.8.7'
ac_ct_AR='ar'
ac_ct_CC='gcc'
ac_ct_CXX='g++'
ac_ct_DUMPBIN=''
am__EXEEXT_FALSE=''
am__EXEEXT_TRUE='#'
am__fastdepCC_FALSE='#'
am__fastdepCC_TRUE=''
am__fastdepCXX_FALSE='#'
am__fastdepCXX_TRUE=''
am__include='include'
am__isrc=' -I$(srcdir)'
am__leading_dot='.'
am__nodep='_no'
am__quote=''
am__tar='$${TAR-tar} chof - "$$tardir"'
am__untar='$${TAR-tar} xf -'
bindir='${exec_prefix}/bin'
build='aarch64-apple-darwin21.4.0'
build_alias=''
build_cpu='aarch64'
build_os='darwin21.4.0'
build_vendor='apple'
datadir='${datarootdir}'
datarootdir='${prefix}/share'
docdir='${datarootdir}/doc/${PACKAGE_TARNAME}'
dvidir='${docdir}'
exec_prefix='${prefix}'
host='aarch64-apple-darwin21.4.0'
host_alias=''
host_cpu='aarch64'
host_os='darwin21.4.0'
host_vendor='apple'
htmldir='${docdir}'
includedir='${prefix}/include'
infodir='${datarootdir}/info'
install_sh='${SHELL} /Users/lollipop/Desktop/Graph-Versioning/freetdi-tw/tdlib/install-sh'
libdir='${exec_prefix}/lib'
libexecdir='${exec_prefix}/libexec'
localedir='${datarootdir}/locale'
localstatedir='${prefix}/var'
mandir='${datarootdir}/man'
mkdir_p='$(MKDIR_P)'
oldincludedir='/usr/include'
pdfdir='${docdir}'
pkgpyexecdir=''
pkgpythondir=''
prefix='/usr/local'
program_transform_name='s,x,x,'
psdir='${docdir}'
pyexecdir=''
pythondir=''
runstatedir='${localstatedir}/run'
sbindir='${exec_prefix}/sbin'
sharedstatedir='${prefix}/com'
sysconfdir='${prefix}/etc'
target_alias=''

## ----------- ##
## confdefs.h. ##
## ----------- ##

/* confdefs.h */
#define PACKAGE_NAME "tdlib"
#define PACKAGE_TARNAME "tdlib"
#define PACKAGE_VERSION "0.8.7"
#define PACKAGE_STRING "tdlib 0.8.7"
#define PACKAGE_BUGREPORT "larisch@informatik.uni-frankfurt.de,felix@salfelder.org"
#define PACKAGE_URL ""
#define PACKAGE "tdlib"
#define VERSION "0.8.7"
#define HAVE_STDIO_H 1
#define HAVE_STDLIB_H 1
#define HAVE_STRING_H 1
#define HAVE_INTTYPES_H 1
#define HAVE_STDINT_H 1
#define HAVE_STRINGS_H 1
#define HAVE_SYS_STAT_H 1
#define HAVE_SYS_TYPES_H 1
#define HAVE_UNISTD_H 1
#define STDC_HEADERS 1
#define HAVE_DLFCN_H 1
#define LT_OBJDIR ".libs/"

configure: exit 0

## ---------------------- ##
## Running config.status. ##
## ---------------------- ##

This file was extended by tdlib config.status 0.8.7, which was
generated by GNU Autoconf 2.71.  Invocation command line was

  CONFIG_FILES    = 
  CONFIG_HEADERS  = 
  CONFIG_LINKS    = 
  CONFIG_COMMANDS = 
  $ ./config.status grtd/Makefile depfiles

on anxinsmxpremium.ads.northwestern.edu

config.status:1167: creating grtd/Makefile
config.status:1381: executing depfiles commands
config.status:1458: cd grtd       && sed -e '/# am--include-marker/d' Makefile         | make -f - am--depfiles
make[2]: Nothing to be done for `am--depfiles'.
config.status:1463: $? = 0
